[    72.549] (--) Log file renamed from "/home/superuser/.local/share/xorg/Xorg.pid-1492.log" to "/home/superuser/.local/share/xorg/Xorg.0.log"
[    72.551] 
X.Org X Server 1.20.9
X Protocol Version 11, Revision 0
[    72.551] Build Operating System: Linux 4.15.0-140-generic x86_64 Ubuntu
[    72.552] Current Operating System: Linux superuser 5.8.0-63-generic #71~20.04.1-Ubuntu SMP Thu Jul 15 17:46:08 UTC 2021 x86_64
[    72.552] Kernel command line: BOOT_IMAGE=/boot/vmlinuz-5.8.0-63-generic root=UUID=877e1867-02f1-46cd-b135-28e5fb0a7646 ro quiet splash
[    72.552] Build Date: 08 April 2021  12:29:22PM
[    72.553] xorg-server 2:1.20.9-2ubuntu1.2~20.04.2 (For technical support please see http://www.ubuntu.com/support) 
[    72.553] Current version of pixman: 0.38.4
[    72.553] 	Before reporting problems, check http://wiki.x.org
	to make sure that you have the latest version.
[    72.553] Markers: (--) probed, (**) from config file, (==) default setting,
	(++) from command line, (!!) notice, (II) informational,
	(WW) warning, (EE) error, (NI) not implemented, (??) unknown.
[    72.555] (==) Log file: "/home/superuser/.local/share/xorg/Xorg.0.log", Time: Tue Jul 27 14:42:23 2021
[    72.561] (==) Using system config directory "/usr/share/X11/xorg.conf.d"
[    72.565] (==) No Layout section.  Using the first Screen section.
[    72.566] (==) No screen section available. Using defaults.
[    72.566] (**) |-->Screen "Default Screen Section" (0)
[    72.566] (**) |   |-->Monitor "<default monitor>"
[    72.571] (==) No monitor specified for screen "Default Screen Section".
	Using a default monitor configuration.
[    72.571] (==) Automatically adding devices
[    72.571] (==) Automatically enabling devices
[    72.572] (==) Automatically adding GPU devices
[    72.572] (==) Automatically binding GPU devices
[    72.572] (==) Max clients allowed: 256, resource mask: 0x1fffff
[    72.572] (WW) The directory "/usr/share/fonts/X11/cyrillic" does not exist.
[    72.572] 	Entry deleted from font path.
[    72.572] (WW) The directory "/usr/share/fonts/X11/100dpi/" does not exist.
[    72.573] 	Entry deleted from font path.
[    72.573] (WW) The directory "/usr/share/fonts/X11/75dpi/" does not exist.
[    72.573] 	Entry deleted from font path.
[    72.573] (WW) The directory "/usr/share/fonts/X11/100dpi" does not exist.
[    72.573] 	Entry deleted from font path.
[    72.574] (WW) The directory "/usr/share/fonts/X11/75dpi" does not exist.
[    72.574] 	Entry deleted from font path.
[    72.574] (==) FontPath set to:
	/usr/share/fonts/X11/misc,
	/usr/share/fonts/X11/Type1,
	built-ins
[    72.575] (==) ModulePath set to "/usr/lib/xorg/modules"
[    72.575] (II) The server relies on udev to provide the list of input devices.
	If no devices become available, reconfigure udev or disable AutoAddDevices.
[    72.576] (II) Loader magic: 0x55948c384020
[    72.576] (II) Module ABI versions:
[    72.576] 	X.Org ANSI C Emulation: 0.4
[    72.576] 	X.Org Video Driver: 24.1
[    72.577] 	X.Org XInput driver : 24.1
[    72.577] 	X.Org Server Extension : 10.0
[    72.580] (++) using VT number 2

[    72.586] (II) systemd-logind: took control of session /org/freedesktop/login1/session/_32
[    72.587] (II) xfree86: Adding drm device (/dev/dri/card0)
[    72.590] (II) systemd-logind: got fd for /dev/dri/card0 226:0 fd 12 paused 0
[    72.609] (--) PCI:*(0@0:15:0) 15ad:0405:15ad:0405 rev 0, Mem @ 0xe8000000/134217728, 0xfe000000/8388608, I/O @ 0x00001070/16, BIOS @ 0x????????/131072
[    72.611] (II) LoadModule: "glx"
[    72.614] (II) Loading /usr/lib/xorg/modules/extensions/libglx.so
[    72.634] (II) Module glx: vendor="X.Org Foundation"
[    72.634] 	compiled for 1.20.9, module version = 1.0.0
[    72.636] 	ABI class: X.Org Server Extension, version 10.0
[    72.636] (==) Matched vmware as autoconfigured driver 0
[    72.636] (==) Matched modesetting as autoconfigured driver 1
[    72.637] (==) Matched fbdev as autoconfigured driver 2
[    72.637] (==) Matched vesa as autoconfigured driver 3
[    72.637] (==) Assigned the driver to the xf86ConfigLayout
[    72.637] (II) LoadModule: "vmware"
[    72.641] (II) Loading /usr/lib/xorg/modules/drivers/vmware_drv.so
[    72.786] (II) Module vmware: vendor="X.Org Foundation"
[    72.786] 	compiled for 1.20.8, module version = 13.3.0
[    72.786] 	Module class: X.Org Video Driver
[    72.786] 	ABI class: X.Org Video Driver, version 24.1
[    72.786] (II) LoadModule: "modesetting"
[    72.786] (II) Loading /usr/lib/xorg/modules/drivers/modesetting_drv.so
[    72.793] (II) Module modesetting: vendor="X.Org Foundation"
[    72.793] 	compiled for 1.20.9, module version = 1.20.9
[    72.793] 	Module class: X.Org Video Driver
[    72.793] 	ABI class: X.Org Video Driver, version 24.1
[    72.793] (II) LoadModule: "fbdev"
[    72.793] (II) Loading /usr/lib/xorg/modules/drivers/fbdev_drv.so
[    72.799] (II) Module fbdev: vendor="X.Org Foundation"
[    72.799] 	compiled for 1.20.1, module version = 0.5.0
[    72.799] 	Module class: X.Org Video Driver
[    72.799] 	ABI class: X.Org Video Driver, version 24.0
[    72.799] (II) LoadModule: "vesa"
[    72.799] (II) Loading /usr/lib/xorg/modules/drivers/vesa_drv.so
[    72.802] (II) Module vesa: vendor="X.Org Foundation"
[    72.802] 	compiled for 1.20.4, module version = 2.4.0
[    72.802] 	Module class: X.Org Video Driver
[    72.802] 	ABI class: X.Org Video Driver, version 24.0
[    72.802] (II) vmware: driver for VMware SVGA: vmware0405, vmware0710
[    72.802] (II) modesetting: Driver for Modesetting Kernel Drivers: kms
[    72.803] (II) FBDEV: driver for framebuffer: fbdev
[    72.803] (II) VESA: driver for VESA chipsets: vesa
[    72.803] xf86EnableIOPorts: failed to set IOPL for I/O (Operation not permitted)
[    72.803] (WW) Falling back to old probe method for modesetting
[    72.803] (WW) Falling back to old probe method for fbdev
[    72.803] (II) Loading sub module "fbdevhw"
[    72.803] (II) LoadModule: "fbdevhw"
[    72.803] (II) Loading /usr/lib/xorg/modules/libfbdevhw.so
[    72.806] (II) Module fbdevhw: vendor="X.Org Foundation"
[    72.806] 	compiled for 1.20.9, module version = 0.0.2
[    72.806] 	ABI class: X.Org Video Driver, version 24.1
[    72.806] (EE) open /dev/fb0: Permission denied
[    72.806] (WW) VGA arbiter: cannot open kernel arbiter, no multi-card support
[    72.806] (II) vmware(0): Creating default Display subsection in Screen section
	"Default Screen Section" for depth/fbbpp 24/32
[    72.806] (--) vmware(0): DRM driver version is 2.18.0
[    72.806] (==) vmware(0): Depth 24, (--) framebuffer bpp 32
[    72.806] (==) vmware(0): RGB weight 888
[    72.806] (==) vmware(0): Default visual is TrueColor
[    72.807] (--) vmware(0): Min width 1, Max Width 8192.
[    72.807] (--) vmware(0): Min height 1, Max Height 8192.
[    72.811] (II) vmware(0): Output Virtual1 has no monitor section
[    72.811] (II) vmware(0): Output Virtual2 has no monitor section
[    72.811] (II) vmware(0): Output Virtual3 has no monitor section
[    72.811] (II) vmware(0): Output Virtual4 has no monitor section
[    72.811] (II) vmware(0): Output Virtual5 has no monitor section
[    72.812] (II) vmware(0): Output Virtual6 has no monitor section
[    72.812] (II) vmware(0): Output Virtual7 has no monitor section
[    72.812] (II) vmware(0): Output Virtual8 has no monitor section
[    72.812] (II) vmware(0): Printing probed modes for output Virtual1
[    72.812] (II) vmware(0): Modeline "800x600"x60.0   42.75  800 850 900 950  600 650 700 750 -hsync +vsync (45.0 kHz eP)
[    72.812] (II) vmware(0): Modeline "2560x1600"x60.0  348.50  2560 2752 3032 3504  1600 1603 1609 1658 -hsync +vsync (99.5 kHz e)
[    72.812] (II) vmware(0): Modeline "1920x1440"x60.0  234.00  1920 2048 2256 2600  1440 1441 1444 1500 -hsync +vsync (90.0 kHz e)
[    72.812] (II) vmware(0): Modeline "1856x1392"x60.0  218.25  1856 1952 2176 2528  1392 1393 1396 1439 -hsync +vsync (86.3 kHz e)
[    72.812] (II) vmware(0): Modeline "1792x1344"x60.0  204.75  1792 1920 2120 2448  1344 1345 1348 1394 -hsync +vsync (83.6 kHz e)
[    72.812] (II) vmware(0): Modeline "1920x1200"x59.9  193.25  1920 2056 2256 2592  1200 1203 1209 1245 -hsync +vsync (74.6 kHz e)
[    72.812] (II) vmware(0): Modeline "1600x1200"x60.0  162.00  1600 1664 1856 2160  1200 1201 1204 1250 +hsync +vsync (75.0 kHz e)
[    72.812] (II) vmware(0): Modeline "1680x1050"x60.0  146.25  1680 1784 1960 2240  1050 1053 1059 1089 -hsync +vsync (65.3 kHz e)
[    72.812] (II) vmware(0): Modeline "1400x1050"x60.0  121.75  1400 1488 1632 1864  1050 1053 1057 1089 -hsync +vsync (65.3 kHz e)
[    72.812] (II) vmware(0): Modeline "1280x1024"x60.0  108.00  1280 1328 1440 1688  1024 1025 1028 1066 +hsync +vsync (64.0 kHz e)
[    72.812] (II) vmware(0): Modeline "1440x900"x59.9  106.50  1440 1520 1672 1904  900 903 909 934 -hsync +vsync (55.9 kHz e)
[    72.812] (II) vmware(0): Modeline "1280x960"x60.0  108.00  1280 1376 1488 1800  960 961 964 1000 +hsync +vsync (60.0 kHz e)
[    72.812] (II) vmware(0): Modeline "1360x768"x60.0   85.50  1360 1424 1536 1792  768 771 777 795 +hsync +vsync (47.7 kHz e)
[    72.812] (II) vmware(0): Modeline "1280x800"x59.8   83.50  1280 1352 1480 1680  800 803 809 831 +hsync -vsync (49.7 kHz e)
[    72.812] (II) vmware(0): Modeline "1152x864"x75.0  108.00  1152 1216 1344 1600  864 865 868 900 +hsync +vsync (67.5 kHz e)
[    72.813] (II) vmware(0): Modeline "1280x768"x59.9   79.50  1280 1344 1472 1664  768 771 778 798 -hsync +vsync (47.8 kHz e)
[    72.813] (II) vmware(0): Modeline "1024x768"x60.0   65.00  1024 1048 1184 1344  768 771 777 806 -hsync -vsync (48.4 kHz e)
[    72.813] (II) vmware(0): Modeline "800x600"x60.3   40.00  800 840 968 1056  600 601 605 628 +hsync +vsync (37.9 kHz e)
[    72.813] (II) vmware(0): Modeline "640x480"x59.9   25.18  640 656 752 800  480 489 492 525 -hsync -vsync (31.5 kHz e)
[    72.813] (II) vmware(0): EDID for output Virtual2
[    72.813] (II) vmware(0): EDID for output Virtual3
[    72.813] (II) vmware(0): EDID for output Virtual4
[    72.813] (II) vmware(0): EDID for output Virtual5
[    72.813] (II) vmware(0): EDID for output Virtual6
[    72.813] (II) vmware(0): EDID for output Virtual7
[    72.813] (II) vmware(0): EDID for output Virtual8
[    72.813] (II) vmware(0): Output Virtual1 connected
[    72.813] (II) vmware(0): Output Virtual2 disconnected
[    72.813] (II) vmware(0): Output Virtual3 disconnected
[    72.813] (II) vmware(0): Output Virtual4 disconnected
[    72.813] (II) vmware(0): Output Virtual5 disconnected
[    72.813] (II) vmware(0): Output Virtual6 disconnected
[    72.813] (II) vmware(0): Output Virtual7 disconnected
[    72.813] (II) vmware(0): Output Virtual8 disconnected
[    72.813] (II) vmware(0): Using exact sizes for initial modes
[    72.813] (II) vmware(0): Output Virtual1 using initial mode 800x600 +0+0
[    72.813] (==) vmware(0): DPI set to (96, 96)
[    72.813] (==) vmware(0): Using gamma correction (1.0, 1.0, 1.0)
[    72.813] (II) Loading sub module "fb"
[    72.813] (II) LoadModule: "fb"
[    72.813] (II) Loading /usr/lib/xorg/modules/libfb.so
[    72.822] (II) Module fb: vendor="X.Org Foundation"
[    72.823] 	compiled for 1.20.9, module version = 1.0.0
[    72.823] 	ABI class: X.Org ANSI C Emulation, version 0.4
[    72.823] (II) Loading sub module "dri2"
[    72.823] (II) LoadModule: "dri2"
[    72.823] (II) Module "dri2" already built-in
[    72.823] (II) Loading sub module "dri3"
[    72.823] (II) LoadModule: "dri3"
[    72.823] (II) Module "dri3" already built-in
[    72.823] (II) UnloadModule: "modesetting"
[    72.823] (II) Unloading modesetting
[    72.823] (II) UnloadModule: "fbdev"
[    72.823] (II) Unloading fbdev
[    72.823] (II) UnloadSubModule: "fbdevhw"
[    72.823] (II) Unloading fbdevhw
[    72.823] (II) UnloadModule: "vesa"
[    72.823] (II) Unloading vesa
[    72.831] (II) vmware(0): Initialized VMWARE_CTRL extension version 0.2
[    72.863] (WW) vmware(0): Failed to initialize Gallium3D Xa. No render acceleration available.
[    72.863] (WW) vmware(0): Skipped initialization of direct rendering due to lack of render acceleration.
[    72.863] (--) vmware(0): Render acceleration is disabled.
[    72.863] (==) vmware(0): Rendercheck mode is disabled.
[    72.863] (--) vmware(0): Direct rendering (DRI2 3D) is disabled.
[    72.863] (--) vmware(0): Direct rendering (DRI3 3D) is disabled.
[    72.863] (==) vmware(0): Backing store enabled
[    72.863] (==) vmware(0): Silken mouse enabled
[    72.868] (==) vmware(0): DPMS enabled
[    72.868] (II) vmware(0): No 3D acceleration. Not setting up textured video.
[    72.868] (II) Initializing extension Generic Event Extension
[    72.868] (II) Initializing extension SHAPE
[    72.868] (II) Initializing extension MIT-SHM
[    72.868] (II) Initializing extension XInputExtension
[    72.870] (II) Initializing extension XTEST
[    72.870] (II) Initializing extension BIG-REQUESTS
[    72.870] (II) Initializing extension SYNC
[    72.871] (II) Initializing extension XKEYBOARD
[    72.871] (II) Initializing extension XC-MISC
[    72.871] (II) Initializing extension SECURITY
[    72.871] (II) Initializing extension XFIXES
[    72.871] (II) Initializing extension RENDER
[    72.871] (II) Initializing extension RANDR
[    72.872] (II) Initializing extension COMPOSITE
[    72.873] (II) Initializing extension DAMAGE
[    72.873] (II) Initializing extension MIT-SCREEN-SAVER
[    72.873] (II) Initializing extension DOUBLE-BUFFER
[    72.873] (II) Initializing extension RECORD
[    72.873] (II) Initializing extension DPMS
[    72.874] (II) Initializing extension Present
[    72.874] (II) Initializing extension DRI3
[    72.874] (II) Initializing extension X-Resource
[    72.874] (II) Initializing extension XVideo
[    72.874] (II) Initializing extension XVideo-MotionCompensation
[    72.874] (II) Initializing extension SELinux
[    72.874] (II) SELinux: Disabled on system
[    72.874] (II) Initializing extension GLX
[    72.877] (II) AIGLX: Screen 0 is not DRI2 capable
[    72.910] (II) IGLX: Loaded and initialized swrast
[    72.910] (II) GLX: Initialized DRISWRAST GL provider for screen 0
[    72.910] (II) Initializing extension XFree86-VidModeExtension
[    72.910] (II) Initializing extension XFree86-DGA
[    72.910] (II) Initializing extension XFree86-DRI
[    72.910] (II) Initializing extension DRI2
[    72.928] (II) vmware(0): Setting screen physical size to 211 x 158
[    73.013] (II) config/udev: Adding input device Power Button (/dev/input/event0)
[    73.013] (**) Power Button: Applying InputClass "libinput keyboard catchall"
[    73.013] (II) LoadModule: "libinput"
[    73.013] (II) Loading /usr/lib/xorg/modules/input/libinput_drv.so
[    73.020] (II) Module libinput: vendor="X.Org Foundation"
[    73.020] 	compiled for 1.20.4, module version = 0.29.0
[    73.020] 	Module class: X.Org XInput Driver
[    73.020] 	ABI class: X.Org XInput driver, version 24.1
[    73.021] (II) Using input driver 'libinput' for 'Power Button'
[    73.022] (II) systemd-logind: got fd for /dev/input/event0 13:64 fd 20 paused 0
[    73.022] (**) Power Button: always reports core events
[    73.023] (**) Option "Device" "/dev/input/event0"
[    73.023] (**) Option "_source" "server/udev"
[    73.028] (II) event0  - Power Button: is tagged by udev as: Keyboard
[    73.028] (II) event0  - Power Button: device is a keyboard
[    73.028] (II) event0  - Power Button: device removed
[    73.028] (**) Option "config_info" "udev:/sys/devices/LNXSYSTM:00/LNXPWRBN:00/input/input0/event0"
[    73.028] (II) XINPUT: Adding extended input device "Power Button" (type: KEYBOARD, id 6)
[    73.028] (**) Option "xkb_model" "pc105"
[    73.028] (**) Option "xkb_layout" "us"
[    73.031] (II) event0  - Power Button: is tagged by udev as: Keyboard
[    73.031] (II) event0  - Power Button: device is a keyboard
[    73.033] (II) config/udev: Adding input device VMware VMware Virtual USB Mouse (/dev/input/event4)
[    73.033] (**) VMware VMware Virtual USB Mouse: Applying InputClass "libinput pointer catchall"
[    73.033] (II) Using input driver 'libinput' for 'VMware VMware Virtual USB Mouse'
[    73.503] (II) systemd-logind: got fd for /dev/input/event4 13:68 fd 23 paused 0
[    73.503] (**) VMware VMware Virtual USB Mouse: always reports core events
[    73.503] (**) Option "Device" "/dev/input/event4"
[    73.503] (**) Option "_source" "server/udev"
[    73.506] (II) event4  - VMware VMware Virtual USB Mouse: is tagged by udev as: Mouse
[    73.506] (II) event4  - VMware VMware Virtual USB Mouse: device is a pointer
[    73.506] (II) event4  - VMware VMware Virtual USB Mouse: device removed
[    73.506] (**) Option "config_info" "udev:/sys/devices/pci0000:00/0000:00:11.0/0000:02:00.0/usb2/2-1/2-1:1.0/0003:0E0F:0003.0001/input/input5/event4"
[    73.506] (II) XINPUT: Adding extended input device "VMware VMware Virtual USB Mouse" (type: MOUSE, id 7)
[    73.507] (**) Option "AccelerationScheme" "none"
[    73.507] (**) VMware VMware Virtual USB Mouse: (accel) selected scheme none/0
[    73.507] (**) VMware VMware Virtual USB Mouse: (accel) acceleration factor: 2.000
[    73.507] (**) VMware VMware Virtual USB Mouse: (accel) acceleration threshold: 4
[    73.508] (II) event4  - VMware VMware Virtual USB Mouse: is tagged by udev as: Mouse
[    73.508] (II) event4  - VMware VMware Virtual USB Mouse: device is a pointer
[    73.509] (II) config/udev: Adding input device VMware VMware Virtual USB Mouse (/dev/input/mouse2)
[    73.509] (II) No input driver specified, ignoring this device.
[    73.509] (II) This device may have been added with another device file.
[    73.511] (II) config/udev: Adding input device AT Translated Set 2 keyboard (/dev/input/event1)
[    73.511] (**) AT Translated Set 2 keyboard: Applying InputClass "libinput keyboard catchall"
[    73.511] (II) Using input driver 'libinput' for 'AT Translated Set 2 keyboard'
[    73.514] (II) systemd-logind: got fd for /dev/input/event1 13:65 fd 24 paused 0
[    73.515] (**) AT Translated Set 2 keyboard: always reports core events
[    73.515] (**) Option "Device" "/dev/input/event1"
[    73.515] (**) Option "_source" "server/udev"
[    73.519] (II) event1  - AT Translated Set 2 keyboard: is tagged by udev as: Keyboard
[    73.520] (II) event1  - AT Translated Set 2 keyboard: device is a keyboard
[    73.521] (II) event1  - AT Translated Set 2 keyboard: device removed
[    73.521] (**) Option "config_info" "udev:/sys/devices/platform/i8042/serio0/input/input1/event1"
[    73.522] (II) XINPUT: Adding extended input device "AT Translated Set 2 keyboard" (type: KEYBOARD, id 8)
[    73.522] (**) Option "xkb_model" "pc105"
[    73.523] (**) Option "xkb_layout" "us"
[    73.527] (II) event1  - AT Translated Set 2 keyboard: is tagged by udev as: Keyboard
[    73.528] (II) event1  - AT Translated Set 2 keyboard: device is a keyboard
[    73.534] (II) config/udev: Adding input device VirtualPS/2 VMware VMMouse (/dev/input/event3)
[    73.534] (**) VirtualPS/2 VMware VMMouse: Applying InputClass "libinput pointer catchall"
[    73.534] (II) Using input driver 'libinput' for 'VirtualPS/2 VMware VMMouse'
[    73.538] (II) systemd-logind: got fd for /dev/input/event3 13:67 fd 25 paused 0
[    73.539] (**) VirtualPS/2 VMware VMMouse: always reports core events
[    73.539] (**) Option "Device" "/dev/input/event3"
[    73.539] (**) Option "_source" "server/udev"
[    73.543] (II) event3  - VirtualPS/2 VMware VMMouse: is tagged by udev as: Mouse
[    73.543] (II) event3  - VirtualPS/2 VMware VMMouse: device is a pointer
[    73.543] (II) event3  - VirtualPS/2 VMware VMMouse: device removed
[    73.543] (**) Option "config_info" "udev:/sys/devices/platform/i8042/serio1/input/input3/event3"
[    73.543] (II) XINPUT: Adding extended input device "VirtualPS/2 VMware VMMouse" (type: MOUSE, id 9)
[    73.544] (**) Option "AccelerationScheme" "none"
[    73.544] (**) VirtualPS/2 VMware VMMouse: (accel) selected scheme none/0
[    73.544] (**) VirtualPS/2 VMware VMMouse: (accel) acceleration factor: 2.000
[    73.544] (**) VirtualPS/2 VMware VMMouse: (accel) acceleration threshold: 4
[    73.547] (II) event3  - VirtualPS/2 VMware VMMouse: is tagged by udev as: Mouse
[    73.547] (II) event3  - VirtualPS/2 VMware VMMouse: device is a pointer
[    73.548] (II) config/udev: Adding input device VirtualPS/2 VMware VMMouse (/dev/input/mouse1)
[    73.548] (II) No input driver specified, ignoring this device.
[    73.549] (II) This device may have been added with another device file.
[    73.550] (II) config/udev: Adding input device VirtualPS/2 VMware VMMouse (/dev/input/event2)
[    73.550] (**) VirtualPS/2 VMware VMMouse: Applying InputClass "libinput pointer catchall"
[    73.550] (II) Using input driver 'libinput' for 'VirtualPS/2 VMware VMMouse'
[    73.554] (II) systemd-logind: got fd for /dev/input/event2 13:66 fd 26 paused 0
[    73.554] (**) VirtualPS/2 VMware VMMouse: always reports core events
[    73.555] (**) Option "Device" "/dev/input/event2"
[    73.555] (**) Option "_source" "server/udev"
[    73.557] (II) event2  - VirtualPS/2 VMware VMMouse: is tagged by udev as: Mouse
[    73.558] (II) event2  - VirtualPS/2 VMware VMMouse: device is a pointer
[    73.558] (II) event2  - VirtualPS/2 VMware VMMouse: device removed
[    73.558] (**) Option "config_info" "udev:/sys/devices/platform/i8042/serio1/input/input4/event2"
[    73.558] (II) XINPUT: Adding extended input device "VirtualPS/2 VMware VMMouse" (type: MOUSE, id 10)
[    73.559] (**) Option "AccelerationScheme" "none"
[    73.559] (**) VirtualPS/2 VMware VMMouse: (accel) selected scheme none/0
[    73.559] (**) VirtualPS/2 VMware VMMouse: (accel) acceleration factor: 2.000
[    73.559] (**) VirtualPS/2 VMware VMMouse: (accel) acceleration threshold: 4
[    73.561] (II) event2  - VirtualPS/2 VMware VMMouse: is tagged by udev as: Mouse
[    73.562] (II) event2  - VirtualPS/2 VMware VMMouse: device is a pointer
[    73.563] (II) config/udev: Adding input device VirtualPS/2 VMware VMMouse (/dev/input/mouse0)
[    73.563] (II) No input driver specified, ignoring this device.
[    73.563] (II) This device may have been added with another device file.
[   128.750] (!!) vmware(0): New layout.
[   128.750] (!!) vmware(0): 0: 0 0 1164 472
[   128.750] (!!) vmware(0): 
[   128.762] (EE) No surface to present from.
[  4124.339] (!!) vmware(0): New layout.
[  4124.339] (!!) vmware(0): 0: 0 0 1164 416
[  4124.339] (!!) vmware(0): 
[ 13466.302] (!!) vmware(0): New layout.
[ 13466.302] (!!) vmware(0): 0: 0 0 1164 512
[ 13466.302] (!!) vmware(0): 
[ 13466.360] (EE) No surface to present from.
[ 13466.707] (!!) vmware(0): New layout.
[ 13466.708] (!!) vmware(0): 0: 0 0 1164 472
[ 13466.708] (!!) vmware(0): 
[ 13466.750] (EE) No surface to present from.
